<?xml version="1.0" encoding="UTF-8"?>
<!-- Generated by org.testng.reporters.JUnitReportReporter -->
<testsuite hostname="DESKTOP-1S9RFJP" failures="0" tests="1" name="Automation.Test.AppTest" time="9.445" errors="0" timestamp="2025-03-09T22:13:56 IST" skipped="0">
  <testcase classname="Automation.Test.AppTest" name="Test" time="9.445"/>
  <system-out/>
</testsuite> <!-- Automation.Test.AppTest -->
